\BOOKMARK [0][-]{chapter.1}{Spieltheorie}{}% 1
\BOOKMARK [1][-]{section.1.1}{Spiele in Strategischer Normalform}{chapter.1}% 2
\BOOKMARK [1][-]{section.1.2}{Spiele ohne Annahmen \374ber den Gegner}{chapter.1}% 3
\BOOKMARK [2][-]{subsection.1.2.1}{Spiel mit Gewissheit}{section.1.2}% 4
\BOOKMARK [2][-]{subsection.1.2.2}{Spiel mit Risiko}{section.1.2}% 5
\BOOKMARK [1][-]{section.1.3}{Reaktionsabbildungen}{chapter.1}% 6
\BOOKMARK [1][-]{section.1.4}{Dominante Strategien}{chapter.1}% 7
\BOOKMARK [1][-]{section.1.5}{Nash-Gleichgewichte}{chapter.1}% 8
\BOOKMARK [1][-]{section.1.6}{Gemischte Strategien}{chapter.1}% 9
\BOOKMARK [1][-]{section.1.7}{Ausblick}{chapter.1}% 10
\BOOKMARK [0][-]{chapter.2}{Gruppenentscheidungen}{}% 11
\BOOKMARK [1][-]{section.2.1}{Individualpr\344ferenz und Gruppenentscheidungen}{chapter.2}% 12
\BOOKMARK [1][-]{section.2.2}{Beispiele f\374r Entscheidungsverfahren}{chapter.2}% 13
\BOOKMARK [2][-]{subsection.2.2.1}{externer Diktator}{section.2.2}% 14
\BOOKMARK [2][-]{subsection.2.2.2}{interner Diktator}{section.2.2}% 15
\BOOKMARK [2][-]{subsection.2.2.3}{Rangaddition}{section.2.2}% 16
\BOOKMARK [2][-]{subsection.2.2.4}{Cordocct Verfahren}{section.2.2}% 17
\BOOKMARK [2][-]{subsection.2.2.5}{Einstimmigkeit}{section.2.2}% 18
\BOOKMARK [2][-]{subsection.2.2.6}{Borda-Wahl}{section.2.2}% 19
\BOOKMARK [1][-]{section.2.3}{Bedingungen an die Auswahlfkt und Satz von Arrow}{chapter.2}% 20
\BOOKMARK [1][-]{section.2.4}{Nicht-Manipulierbkeit von Wahlen}{chapter.2}% 21
